TN:
SF:src/core/config.ts
FNF:0
FNH:0
DA:1,1
DA:3,1
LF:2
LH:2
BRDA:1,0,0,1
BRDA:1,0,1,0
BRDA:5,1,0,1
BRDA:5,1,1,0
BRDA:6,2,0,1
BRDA:6,2,1,0
BRF:6
BRH:3
end_of_record
TN:
SF:src/core/di/container.ts
FNF:0
FNH:0
DA:14,1
DA:15,1
DA:16,1
DA:17,1
DA:18,1
DA:19,1
DA:21,1
LF:7
LH:7
BRF:0
BRH:0
end_of_record
TN:
SF:src/core/http/axiosClient.ts
FNF:0
FNH:0
LF:0
LH:0
BRF:0
BRH:0
end_of_record
TN:
SF:src/core/http/client.ts
FN:21,(anonymous_0)
FN:31,(anonymous_1)
FN:33,(anonymous_2)
FNF:3
FNH:0
FNDA:0,(anonymous_0)
FNDA:0,(anonymous_1)
FNDA:0,(anonymous_2)
DA:7,1
DA:14,1
DA:21,1
DA:22,0
DA:24,0
DA:25,0
DA:28,0
DA:31,1
DA:32,0
DA:34,0
DA:38,0
DA:43,0
DA:46,0
DA:48,0
DA:50,0
DA:51,0
DA:52,0
DA:55,0
DA:56,0
DA:60,0
DA:62,0
DA:68,0
DA:70,0
DA:72,0
DA:73,0
LF:25
LH:4
BRDA:24,0,0,0
BRDA:24,0,1,0
BRDA:38,1,0,0
BRDA:38,1,1,0
BRDA:39,2,0,0
BRDA:39,2,1,0
BRDA:39,2,2,0
BRDA:50,3,0,0
BRDA:50,3,1,0
BRF:9
BRH:0
end_of_record
TN:
SF:src/core/lexorank/lexorank.ts
FN:9,charToValue
FN:13,valueToChar
FN:17,rankAfter
FN:30,rankBefore
FN:47,rankMid
FN:83,rankBetween
FNF:6
FNH:6
FNDA:4,charToValue
FNDA:3,valueToChar
FNDA:1,rankAfter
FNDA:1,rankBefore
FNDA:2,rankMid
FNDA:5,rankBetween
DA:1,1
DA:2,1
DA:4,1
DA:5,1
DA:7,1
DA:10,4
DA:14,3
DA:18,1
DA:19,1
DA:21,1
DA:22,1
DA:23,1
DA:27,0
DA:31,1
DA:32,1
DA:34,1
DA:35,1
DA:36,1
DA:38,1
DA:39,1
DA:44,0
DA:48,2
DA:49,1
DA:52,1
DA:53,1
DA:55,1
DA:57,1
DA:59,1
DA:61,1
DA:62,0
DA:63,0
DA:66,1
DA:68,1
DA:69,1
DA:70,1
DA:72,1
DA:73,1
DA:77,0
DA:80,0
DA:87,5
DA:88,1
DA:91,4
DA:92,1
DA:95,3
DA:96,1
DA:99,2
LF:46
LH:40
BRDA:21,0,0,1
BRDA:21,0,1,0
BRDA:34,1,0,1
BRDA:34,1,1,0
BRDA:38,2,0,1
BRDA:38,2,1,0
BRDA:38,3,0,1
BRDA:38,3,1,1
BRDA:48,4,0,1
BRDA:48,4,1,1
BRDA:57,5,0,1
BRDA:57,5,1,0
BRDA:59,6,0,1
BRDA:59,6,1,0
BRDA:61,7,0,0
BRDA:61,7,1,1
BRDA:68,8,0,1
BRDA:68,8,1,0
BRDA:72,9,0,1
BRDA:72,9,1,0
BRDA:72,10,0,1
BRDA:72,10,1,1
BRDA:87,11,0,1
BRDA:87,11,1,4
BRDA:87,12,0,5
BRDA:87,12,1,2
BRDA:91,13,0,1
BRDA:91,13,1,3
BRDA:95,14,0,1
BRDA:95,14,1,2
BRF:30
BRH:22
end_of_record
TN:
SF:src/features/auth/application/AuthService.ts
FN:7,constructor
FN:11,register
FN:15,login
FN:19,refresh
FN:23,logout
FN:27,me
FNF:6
FNH:2
FNDA:2,constructor
FNDA:0,register
FNDA:1,login
FNDA:0,refresh
FNDA:0,logout
FNDA:0,me
DA:8,2
DA:12,0
DA:16,1
DA:20,0
DA:24,0
DA:28,0
LF:6
LH:2
BRF:0
BRH:0
end_of_record
TN:
SF:src/features/auth/data/HttpAuthRepository.ts
FN:6,register
FN:11,login
FN:16,refresh
FN:24,logout
FN:30,me
FNF:5
FNH:0
FNDA:0,register
FNDA:0,login
FNDA:0,refresh
FNDA:0,logout
FNDA:0,me
DA:7,0
DA:8,0
DA:12,0
DA:13,0
DA:17,0
DA:21,0
DA:25,0
DA:31,0
DA:32,0
LF:9
LH:0
BRF:0
BRH:0
end_of_record
TN:
SF:src/features/auth/store/authStore.ts
FN:17,(anonymous_0)
FN:24,(anonymous_1)
FN:33,(anonymous_2)
FNF:3
FNH:1
FNDA:1,(anonymous_0)
FNDA:0,(anonymous_1)
FNDA:0,(anonymous_2)
DA:16,1
DA:18,1
DA:25,0
DA:34,0
LF:4
LH:2
BRF:0
BRH:0
end_of_record
TN:
SF:src/features/boards/application/BoardService.ts
FN:14,constructor
FN:18,getBoard
FN:22,listBoards
FN:26,createBoard
FN:36,updateBoard
FN:46,deleteBoard
FN:50,listMembers
FN:54,listColumns
FN:58,createColumn
FNF:9
FNH:2
FNDA:2,constructor
FNDA:0,getBoard
FNDA:1,listBoards
FNDA:0,createBoard
FNDA:0,updateBoard
FNDA:0,deleteBoard
FNDA:0,listMembers
FNDA:0,listColumns
FNDA:0,createColumn
DA:15,2
DA:19,0
DA:23,1
DA:30,0
DA:40,0
DA:47,0
DA:51,0
DA:55,0
DA:62,0
LF:9
LH:2
BRF:0
BRH:0
end_of_record
TN:
SF:src/features/boards/data/HttpBoardRepository.ts
FN:15,getBoard
FN:23,listBoards
FN:31,createBoard
FN:43,updateBoard
FN:55,deleteBoard
FN:59,listMembers
FN:69,listColumns
FN:79,createColumn
FNF:8
FNH:0
FNDA:0,getBoard
FNDA:0,listBoards
FNDA:0,createBoard
FNDA:0,updateBoard
FNDA:0,deleteBoard
FNDA:0,listMembers
FNDA:0,listColumns
FNDA:0,createColumn
DA:16,0
DA:20,0
DA:24,0
DA:28,0
DA:35,0
DA:40,0
DA:47,0
DA:52,0
DA:56,0
DA:62,0
DA:66,0
DA:72,0
DA:76,0
DA:83,0
DA:88,0
LF:15
LH:0
BRF:0
BRH:0
end_of_record
TN:
SF:src/features/cards/application/CardService.ts
FN:11,constructor
FN:15,getBoard
FN:19,createCard
FN:29,updateCard
FN:39,moveCard
FN:49,deleteCard
FN:53,addAssignee
FN:60,removeAssignee
FNF:8
FNH:1
FNDA:1,constructor
FNDA:0,getBoard
FNDA:0,createCard
FNDA:0,updateCard
FNDA:0,moveCard
FNDA:0,deleteCard
FNDA:0,addAssignee
FNDA:0,removeAssignee
DA:12,1
DA:16,0
DA:23,0
DA:33,0
DA:43,0
DA:50,0
DA:54,0
DA:61,0
LF:8
LH:1
BRF:0
BRH:0
end_of_record
TN:
SF:src/features/cards/application/applyMove.ts
FN:7,applyMove
FN:15,(anonymous_1)
FN:29,(anonymous_2)
FN:41,(anonymous_3)
FN:43,(anonymous_4)
FN:104,resolveInsertionIndex
FN:109,(anonymous_6)
FN:120,(anonymous_7)
FN:139,midpointRank
FNF:9
FNH:9
FNDA:11,applyMove
FNDA:14,(anonymous_1)
FNDA:15,(anonymous_2)
FNDA:14,(anonymous_3)
FNDA:14,(anonymous_4)
FNDA:7,resolveInsertionIndex
FNDA:1,(anonymous_6)
FNDA:2,(anonymous_7)
FNDA:7,midpointRank
DA:14,11
DA:15,13
DA:16,14
DA:19,13
DA:20,9
DA:21,9
DA:25,11
DA:26,2
DA:29,9
DA:31,15
DA:34,9
DA:35,2
DA:38,7
DA:43,14
DA:44,14
DA:47,14
DA:50,7
DA:57,7
DA:67,7
DA:71,14
DA:74,14
DA:79,14
DA:85,14
DA:96,14
DA:108,7
DA:109,1
DA:111,1
DA:114,1
DA:115,1
DA:119,6
DA:120,2
DA:122,2
DA:125,2
DA:126,2
DA:130,4
DA:143,7
DA:144,0
DA:145,0
DA:148,0
DA:151,7
DA:152,3
DA:155,4
DA:156,2
DA:159,2
LF:44
LH:41
BRDA:19,0,0,9
BRDA:19,0,1,4
BRDA:25,1,0,2
BRDA:25,1,1,9
BRDA:34,2,0,2
BRDA:34,2,1,7
BRDA:47,3,0,7
BRDA:47,3,1,7
BRDA:67,4,0,7
BRDA:67,4,1,4
BRDA:71,5,0,14
BRDA:71,5,1,5
BRDA:108,6,0,1
BRDA:108,6,1,6
BRDA:114,7,0,1
BRDA:114,7,1,0
BRDA:119,8,0,2
BRDA:119,8,1,4
BRDA:125,9,0,2
BRDA:125,9,1,0
BRDA:143,10,0,0
BRDA:143,10,1,7
BRDA:143,11,0,7
BRDA:143,11,1,3
BRDA:144,12,0,0
BRDA:144,12,1,0
BRDA:151,13,0,3
BRDA:151,13,1,4
BRDA:151,14,0,7
BRDA:151,14,1,3
BRDA:155,15,0,2
BRDA:155,15,1,2
BRDA:155,16,0,4
BRDA:155,16,1,4
BRF:34
BRH:29
end_of_record
TN:
SF:src/features/cards/components/CardItem.tsx
FN:25,CardPreview
FN:52,(anonymous_1)
FN:63,CardItem
FN:85,handleKeyDown
FN:100,(anonymous_4)
FN:109,(anonymous_5)
FN:110,(anonymous_6)
FNF:7
FNH:0
FNDA:0,CardPreview
FNDA:0,(anonymous_1)
FNDA:0,CardItem
FNDA:0,handleKeyDown
FNDA:0,(anonymous_4)
FNDA:0,(anonymous_5)
FNDA:0,(anonymous_6)
DA:18,1
DA:29,0
DA:53,0
DA:71,0
DA:79,0
DA:86,0
DA:87,0
DA:88,0
DA:92,0
DA:100,0
DA:109,0
DA:111,0
DA:112,0
LF:13
LH:1
BRDA:27,0,0,0
BRDA:32,1,0,0
BRDA:32,1,1,0
BRDA:44,2,0,0
BRDA:44,2,1,0
BRDA:50,3,0,0
BRDA:50,3,1,0
BRDA:82,4,0,0
BRDA:82,4,1,0
BRDA:86,5,0,0
BRDA:86,5,1,0
BRDA:86,6,0,0
BRDA:86,6,1,0
BRF:13
BRH:0
end_of_record
TN:
SF:src/features/cards/components/ColumnLane.tsx
FN:19,ColumnLane
FN:36,submit
FN:58,handleSubmit
FN:63,(anonymous_3)
FN:89,(anonymous_4)
FN:92,(anonymous_5)
FN:120,(anonymous_6)
FNF:7
FNH:4
FNDA:11,ColumnLane
FNDA:1,submit
FNDA:1,handleSubmit
FNDA:0,(anonymous_3)
FNDA:0,(anonymous_4)
FNDA:0,(anonymous_5)
FNDA:8,(anonymous_6)
DA:26,11
DA:28,11
DA:37,1
DA:38,0
DA:41,1
DA:43,1
DA:44,0
DA:47,1
DA:48,1
DA:51,1
DA:59,1
DA:60,1
DA:63,11
DA:64,0
DA:67,11
DA:89,0
DA:93,0
DA:120,8
LF:18
LH:13
BRDA:24,0,0,11
BRDA:37,1,0,0
BRDA:37,1,1,1
BRDA:43,2,0,0
BRDA:43,2,1,1
BRDA:70,3,0,0
BRDA:70,3,1,11
BRDA:102,4,0,11
BRDA:102,4,1,0
BRDA:125,5,0,11
BRDA:125,5,1,11
BRDA:127,6,0,0
BRDA:127,6,1,11
BRF:13
BRH:8
end_of_record
TN:
SF:src/features/cards/data/HttpCardRepository.ts
FN:23,assertBoardDetailApiResponse
FN:56,getBoard
FN:68,createCard
FN:81,updateCard
FN:94,moveCard
FN:107,deleteCard
FN:111,addAssignee
FN:126,removeAssignee
FNF:8
FNH:6
FNDA:1,assertBoardDetailApiResponse
FNDA:1,getBoard
FNDA:1,createCard
FNDA:1,updateCard
FNDA:1,moveCard
FNDA:1,deleteCard
FNDA:0,addAssignee
FNDA:0,removeAssignee
DA:26,1
DA:27,0
DA:32,1
DA:34,1
DA:35,0
DA:40,1
DA:41,0
DA:46,1
DA:47,0
DA:59,1
DA:63,1
DA:65,1
DA:73,1
DA:78,1
DA:86,1
DA:91,1
DA:99,1
DA:104,1
DA:108,1
DA:116,0
DA:123,0
DA:130,0
LF:22
LH:15
BRDA:26,0,0,0
BRDA:26,0,1,1
BRDA:26,1,0,1
BRDA:26,1,1,1
BRDA:34,2,0,0
BRDA:34,2,1,1
BRDA:40,3,0,0
BRDA:40,3,1,1
BRDA:46,4,0,0
BRDA:46,4,1,1
BRF:10
BRH:6
end_of_record
TN:
SF:src/features/cards/data/cardResponseMapper.ts
FN:20,mapCardResponse
FN:53,mapCardResponses
FN:71,mapMoveCardResponse
FN:157,mapColumnResponse
FN:175,mapBoardDetailResponse
FNF:5
FNH:5
FNDA:7,mapCardResponse
FNDA:2,mapCardResponses
FNDA:3,mapMoveCardResponse
FNDA:2,mapColumnResponse
FNDA:2,mapBoardDetailResponse
DA:29,7
DA:31,7
DA:56,2
DA:57,0
DA:60,2
DA:74,3
DA:80,3
DA:81,0
DA:84,3
DA:85,0
DA:88,3
DA:89,0
DA:92,3
DA:93,0
DA:96,3
DA:97,0
DA:100,3
DA:101,0
DA:104,3
DA:105,0
DA:108,3
DA:114,0
DA:119,3
DA:125,0
DA:133,3
DA:139,3
DA:144,3
DA:145,2
DA:154,3
DA:160,2
DA:178,2
LF:31
LH:21
BRDA:34,0,0,6
BRDA:34,0,1,1
BRDA:38,1,0,6
BRDA:38,1,1,1
BRDA:42,2,0,1
BRDA:42,2,1,6
BRDA:44,3,0,5
BRDA:44,3,1,1
BRDA:56,4,0,0
BRDA:56,4,1,2
BRDA:80,5,0,0
BRDA:80,5,1,3
BRDA:84,6,0,0
BRDA:84,6,1,3
BRDA:88,7,0,0
BRDA:88,7,1,3
BRDA:92,8,0,0
BRDA:92,8,1,3
BRDA:96,9,0,0
BRDA:96,9,1,3
BRDA:100,10,0,0
BRDA:100,10,1,3
BRDA:104,11,0,0
BRDA:104,11,1,3
BRDA:108,12,0,0
BRDA:108,12,1,3
BRDA:114,13,0,0
BRDA:114,13,1,0
BRDA:119,14,0,0
BRDA:119,14,1,3
BRDA:125,15,0,0
BRDA:125,15,1,0
BRDA:144,16,0,2
BRDA:144,16,1,1
BRDA:144,17,0,3
BRDA:144,17,1,3
BRDA:145,18,0,0
BRDA:145,18,1,2
BRDA:149,19,0,2
BRDA:149,19,1,0
BRDA:181,20,0,2
BRDA:181,20,1,2
BRDA:184,21,0,2
BRDA:184,21,1,0
BRF:44
BRH:27
end_of_record
TN:
SF:src/features/notifications/application/NotificationService.ts
FN:7,constructor
FN:11,list
FN:15,unreadCount
FN:19,markRead
FN:23,markAllRead
FNF:5
FNH:5
FNDA:5,constructor
FNDA:1,list
FNDA:1,unreadCount
FNDA:1,markRead
FNDA:1,markAllRead
DA:8,5
DA:12,1
DA:16,1
DA:20,1
DA:24,1
LF:5
LH:5
BRDA:11,0,0,1
BRDA:11,1,0,1
BRF:2
BRH:2
end_of_record
TN:
SF:src/features/notifications/components/NotificationBell.tsx
FN:6,NotificationBell
FN:15,(anonymous_1)
FN:15,(anonymous_2)
FN:26,(anonymous_3)
FNF:4
FNH:1
FNDA:2,NotificationBell
FNDA:0,(anonymous_1)
FNDA:0,(anonymous_2)
FNDA:0,(anonymous_3)
DA:7,2
DA:8,2
DA:10,2
DA:15,0
DA:26,0
LF:5
LH:3
BRDA:8,0,0,2
BRDA:19,1,0,1
BRDA:19,1,1,1
BRDA:21,2,0,0
BRDA:21,2,1,1
BRDA:26,3,0,0
BRDA:26,3,1,2
BRF:7
BRH:5
end_of_record
TN:
SF:src/features/notifications/components/NotificationPanel.tsx
FN:14,NotificationPanel
FN:34,handleItemClick
FN:86,(anonymous_2)
FN:115,(anonymous_3)
FN:124,(anonymous_4)
FNF:5
FNH:0
FNDA:0,NotificationPanel
FNDA:0,handleItemClick
FNDA:0,(anonymous_2)
FNDA:0,(anonymous_3)
FNDA:0,(anonymous_4)
DA:17,0
DA:22,0
DA:24,0
DA:25,0
DA:27,0
DA:32,0
DA:37,0
DA:38,0
DA:41,0
DA:42,0
DA:45,0
DA:46,0
DA:48,0
DA:55,0
DA:59,0
DA:65,0
DA:69,0
DA:71,0
DA:73,0
DA:77,0
DA:86,0
DA:117,0
DA:119,0
DA:125,0
LF:24
LH:0
BRDA:20,0,0,0
BRDA:37,1,0,0
BRDA:37,1,1,0
BRDA:41,2,0,0
BRDA:41,2,1,0
BRDA:59,3,0,0
BRDA:59,3,1,0
BRDA:90,4,0,0
BRDA:90,4,1,0
BRDA:96,5,0,0
BRDA:96,5,1,0
BRDA:106,6,0,0
BRDA:106,6,1,0
BRDA:110,7,0,0
BRDA:110,7,1,0
BRDA:130,8,0,0
BRDA:130,8,1,0
BRDA:143,9,0,0
BRDA:143,9,1,0
BRF:19
BRH:0
end_of_record
TN:
SF:src/features/notifications/data/HttpNotificationRepository.ts
FN:8,list
FN:16,unreadCount
FN:23,markRead
FN:27,markAllRead
FNF:4
FNH:4
FNDA:1,list
FNDA:1,unreadCount
FNDA:1,markRead
FNDA:1,markAllRead
DA:9,1
DA:13,1
DA:17,1
DA:20,1
DA:24,1
DA:28,1
LF:6
LH:6
BRDA:8,0,0,1
BRDA:8,1,0,1
BRF:2
BRH:2
end_of_record
TN:
SF:src/features/notifications/data/notificationResponseMapper.ts
FN:4,mapNotificationDto
FN:17,mapNotificationList
FNF:2
FNH:2
FNDA:2,mapNotificationDto
FNDA:1,mapNotificationList
DA:5,2
DA:20,1
LF:2
LH:2
BRF:0
BRH:0
end_of_record
TN:
SF:src/features/notifications/hooks/queryKeys.ts
FN:3,(anonymous_0)
FN:4,(anonymous_1)
FNF:2
FNH:0
FNDA:0,(anonymous_0)
FNDA:0,(anonymous_1)
DA:1,1
DA:3,0
DA:4,0
LF:3
LH:1
BRF:0
BRH:0
end_of_record
TN:
SF:src/features/notifications/hooks/useMarkAllRead.ts
FN:6,useMarkAllRead
FN:9,(anonymous_1)
FN:10,(anonymous_2)
FNF:3
FNH:0
FNDA:0,useMarkAllRead
FNDA:0,(anonymous_1)
FNDA:0,(anonymous_2)
DA:7,0
DA:8,0
DA:9,0
DA:11,0
LF:4
LH:0
BRF:0
BRH:0
end_of_record
TN:
SF:src/features/notifications/hooks/useMarkRead.ts
FN:12,useMarkRead
FN:16,(anonymous_1)
FN:18,(anonymous_2)
FN:29,(anonymous_3)
FN:30,(anonymous_4)
FN:33,(anonymous_5)
FN:44,(anonymous_6)
FN:56,(anonymous_7)
FNF:8
FNH:0
FNDA:0,useMarkRead
FNDA:0,(anonymous_1)
FNDA:0,(anonymous_2)
FNDA:0,(anonymous_3)
FNDA:0,(anonymous_4)
FNDA:0,(anonymous_5)
FNDA:0,(anonymous_6)
FNDA:0,(anonymous_7)
DA:13,0
DA:15,0
DA:16,0
DA:19,0
DA:21,0
DA:24,0
DA:28,0
DA:30,0
DA:33,0
DA:34,0
DA:35,0
DA:41,0
DA:45,0
DA:46,0
DA:48,0
DA:49,0
DA:57,0
LF:17
LH:0
BRDA:30,0,0,0
BRDA:30,0,1,0
BRDA:34,1,0,0
BRDA:34,1,1,0
BRDA:34,2,0,0
BRDA:34,2,1,0
BRDA:45,3,0,0
BRDA:45,3,1,0
BRDA:48,4,0,0
BRDA:48,4,1,0
BRF:10
BRH:0
end_of_record
TN:
SF:src/features/notifications/hooks/useNotifications.ts
FN:6,useNotifications
FN:9,(anonymous_1)
FNF:2
FNH:0
FNDA:0,useNotifications
FNDA:0,(anonymous_1)
DA:7,0
DA:9,0
LF:2
LH:0
BRF:0
BRH:0
end_of_record
TN:
SF:src/features/notifications/hooks/useUnreadCount.ts
FN:6,useUnreadCount
FN:9,(anonymous_1)
FNF:2
FNH:0
FNDA:0,useUnreadCount
FNDA:0,(anonymous_1)
DA:7,0
DA:9,0
LF:2
LH:0
BRF:0
BRH:0
end_of_record
TN:
SF:src/features/organizations/application/OrganizationService.ts
FN:11,constructor
FN:18,listMembers
FN:26,inviteMember
FN:36,acceptInvitation
FNF:4
FNH:1
FNDA:1,constructor
FNDA:0,listMembers
FNDA:0,inviteMember
FNDA:0,acceptInvitation
DA:14,1
DA:21,0
DA:30,0
DA:37,0
LF:4
LH:1
BRF:0
BRH:0
end_of_record
TN:
SF:src/features/organizations/data/HttpOrganizationRepository.ts
FN:12,listMembers
FN:22,inviteMember
FN:35,acceptInvitation
FNF:3
FNH:0
FNDA:0,listMembers
FNDA:0,inviteMember
FNDA:0,acceptInvitation
DA:15,0
DA:19,0
DA:27,0
DA:32,0
DA:38,0
LF:5
LH:0
BRF:0
BRH:0
end_of_record
TN:
SF:src/features/projects/application/ProjectService.ts
FN:12,constructor
FN:16,listOrganizations
FN:20,listProjects
FN:24,createProject
FN:28,updateProject
FN:35,deleteProject
FNF:6
FNH:2
FNDA:2,constructor
FNDA:0,listOrganizations
FNDA:1,listProjects
FNDA:0,createProject
FNDA:0,updateProject
FNDA:0,deleteProject
DA:13,2
DA:17,0
DA:21,1
DA:25,0
DA:32,0
DA:36,0
LF:6
LH:2
BRF:0
BRH:0
end_of_record
TN:
SF:src/features/projects/data/HttpProjectRepository.ts
FN:11,listOrganizations
FN:16,listProjects
FN:26,createProject
FN:31,updateProject
FN:43,deleteProject
FNF:5
FNH:0
FNDA:0,listOrganizations
FNDA:0,listProjects
FNDA:0,createProject
FNDA:0,updateProject
FNDA:0,deleteProject
DA:12,0
DA:13,0
DA:17,0
DA:23,0
DA:27,0
DA:28,0
DA:35,0
DA:40,0
DA:44,0
LF:9
LH:0
BRF:0
BRH:0
end_of_record
TN:
SF:src/features/reporting/application/StatsService.ts
FN:7,constructor
FN:11,getBoardStats
FNF:2
FNH:2
FNDA:1,constructor
FNDA:1,getBoardStats
DA:8,1
DA:12,1
LF:2
LH:2
BRF:0
BRH:0
end_of_record
